[31mFinding all documents for board reports.[0m
[31m............[0m
[31mMerging PDFs.[0m
Successful merge! ocd-bill/009c908a-bd7a-49fc-84d2-d30e7b632c22
Successful merge! ocd-bill/00b7a562-a943-4fd3-a949-e53e93921f39
Successful merge! ocd-bill/00ea719f-7e55-49ba-9090-48f1bb9ce318
Successful merge! ocd-bill/0167cc52-199e-4071-9a31-df4061219347
Successful merge! ocd-bill/01822057-6614-4166-8818-3ea499a6c76a
Successful merge! ocd-bill/01d3c0fe-b1b3-43e2-9af9-7d7d33b44bf3
Successful merge! ocd-bill/01f077bf-4dd1-45bd-92e1-96fd81dc4dbc
Successful merge! ocd-bill/024dce24-a48c-4375-86b0-fa5a81aec890
Successful merge! ocd-bill/02dd7ca0-9821-49fc-a6e0-73cf68cd70e7
Successful merge! ocd-bill/0309cd07-8117-48cd-b338-b00af799ab09
Successful merge! ocd-bill/030b61fc-9af8-49a2-9559-97c9af7cbae2
Successful merge! ocd-bill/03668795-e4ac-4aed-863d-cfe124aef91e
Successful merge! ocd-bill/0370f7ad-0ccc-4b33-ba30-ac7365698872
Successful merge! ocd-bill/046c2ab5-d02f-4d88-aff0-90d63d2774cf
Successful merge! ocd-bill/050564ca-b105-46b4-b4d5-20054a154a6c
Successful merge! ocd-bill/05265dd0-9fbf-462b-b3a6-4ce60aef943f
Successful merge! ocd-bill/061b2ab7-5106-4955-a6a0-60fa82ca4ed5
Successful merge! ocd-bill/06499f90-7d15-4c95-835c-186ac3c030bf
Successful merge! ocd-bill/06d3b2bc-e547-4c95-814a-ab71a0224576
Successful merge! ocd-bill/080bd207-6af8-4d4a-954c-9ca8c9144ecc
Successful merge! ocd-bill/08fc6346-705a-4574-b8b0-b47177cf7009
Successful merge! ocd-bill/0993d8df-f2b1-44df-a6cc-04a1a908ce7a
Successful merge! ocd-bill/09f222f9-125e-4a56-afc5-2e36fadfb9bc
Successful merge! ocd-bill/0a0bc2d6-fcfe-4e83-b952-ba773a4500ac
Successful merge! ocd-bill/0afaa2a5-9581-4166-9a79-6a4602b47c4e
Successful merge! ocd-bill/0b1a590b-7670-4ba1-a524-fefe1c7ff85c
Successful merge! ocd-bill/0bac0ddf-359b-4149-b841-ace228bdd24e
Successful merge! ocd-bill/0beb95fc-8959-4662-a0a1-c4adac9123bb
Successful merge! ocd-bill/0d2b4336-6d04-4880-814f-1ea3831b115b
Successful merge! ocd-bill/0d4e4cbc-b979-488e-9aad-7d6302b00819
Successful merge! ocd-bill/0d866a4f-86ac-4850-ab81-8204a1d7a3b4
Successful merge! ocd-bill/0ddce3a7-dd84-4827-9feb-6e642069b6f1
Successful merge! ocd-bill/0defb13f-e98b-44e5-92a2-d864133ba33a
Successful merge! ocd-bill/0e5eb166-2145-4fb1-82b8-ceaf7a6e0e58
Successful merge! ocd-bill/0e602add-62e2-4d85-82ea-6727bdc036ef
Successful merge! ocd-bill/0e886916-deef-4f59-9e66-914bb1b5593a
Successful merge! ocd-bill/0ef0f023-c74a-4a05-b7f5-081d01c75231
Successful merge! ocd-bill/0ef9f4f6-e955-4fff-bff9-23efa296d85a
Successful merge! ocd-bill/0f18cff5-060f-4289-ade0-0663b3ce5d14
Successful merge! ocd-bill/0fa665ab-0c4c-47b0-9108-f0af7527a9f2
Successful merge! ocd-bill/1055439d-4505-4beb-9c2d-fb67196bff21
Successful merge! ocd-bill/10634708-5431-4fd8-9f81-4ecca092c90c
Successful merge! ocd-bill/10a5bee3-b8f4-4a64-afb5-8c42d252c504
Successful merge! ocd-bill/10e9e65a-072a-4616-8510-09c9e61fb46a
Successful merge! ocd-bill/1173e068-cc06-4495-9b78-b6995f1fc0cb
Successful merge! ocd-bill/11d3c52b-8ae2-4634-9bb4-f96063e67d43
Successful merge! ocd-bill/11ed788e-3886-466f-a2c8-3263a585d04a
Successful merge! ocd-bill/1202c9f6-8396-49c7-b1bc-bf14ea8656be
Successful merge! ocd-bill/127abaac-2feb-487a-a9dc-a90ff720c006
Successful merge! ocd-bill/128d76c7-e77d-42d5-95c4-f37fcc9ff3cb
Successful merge! ocd-bill/1295c976-58f2-4d10-ad34-36fc7922e28e
Successful merge! ocd-bill/1362e4f3-d2bb-40e4-a6f6-23d02384dd74
Successful merge! ocd-bill/13d4dff2-58ac-4f9d-a720-971df944dfd7
Successful merge! ocd-bill/13e68c65-c067-4c4d-a0c7-15678f581a76
Successful merge! ocd-bill/14144905-1dd7-47de-a008-572753c57b9e
Successful merge! ocd-bill/1455487e-0834-4948-aae6-78c37267be9f
Successful merge! ocd-bill/149f67ca-79c4-447d-bef2-cc0bc2b106aa
Successful merge! ocd-bill/14b721c4-e664-4bc0-a963-29dcfecf40f3
Successful merge! ocd-bill/14d4674c-f1fd-4ba2-88a2-a0711367fd28
Successful merge! ocd-bill/1552a586-3323-40cc-a729-8d353ec56611
Successful merge! ocd-bill/1654ed20-e7cc-4008-bf14-476adf9dd4c7
Successful merge! ocd-bill/16929fe6-bb74-4cf9-a9e8-c020a3d01d00
Successful merge! ocd-bill/16fe2e82-a035-48f2-9788-16e030bd8aa7
Successful merge! ocd-bill/17b555c7-fcb0-440f-9944-3e833ffb23d7
Successful merge! ocd-bill/17ba24c6-0fbb-400a-be0f-aae1197460bf
Successful merge! ocd-bill/18486bf4-7b09-4752-b04b-3314a864a8e9
Successful merge! ocd-bill/18d37c89-e513-4c42-a74f-2454ab23bbd6
Successful merge! ocd-bill/1906953b-b8ae-4cae-be35-4af85734add3
Successful merge! ocd-bill/198d9834-da10-4b1d-a8ac-4765af1e2639
Successful merge! ocd-bill/198ee1da-ad75-4c4c-8515-dd5680ff7b18
Successful merge! ocd-bill/19904331-5f16-453c-85b4-c05a4f00c45a
Successful merge! ocd-bill/19d4efbc-f4ea-44b7-af56-daca5cc640a9
Successful merge! ocd-bill/1a6de12b-9794-4534-bf74-b6a461f21beb
Successful merge! ocd-bill/1a7947a4-aaed-41a1-a9f1-89d2c6b3f1e8
Successful merge! ocd-bill/1a7d32a3-7aec-46c6-bb3b-344c95758c37
Successful merge! ocd-bill/1b6fa4df-89f4-4db6-afdb-d223170f4e03
Successful merge! ocd-bill/1b7ecea1-ad78-41db-904f-8fb516434d06
Successful merge! ocd-bill/1b82f4fe-ea61-47ca-89d7-ee6fc847d6aa
Successful merge! ocd-bill/1c18ceb5-ad25-4f17-8a90-b3bca26c5b38
Successful merge! ocd-bill/1c7af565-1d54-4e48-b684-7849070439f6
Successful merge! ocd-bill/1c8e5988-656f-4f5f-b930-91a1e739f127
Successful merge! ocd-bill/1c96894f-9ca4-4208-8dc4-bbe290e2e0b4
Successful merge! ocd-bill/1ca0db01-efcd-43e1-a981-20b01c621dc1
Successful merge! ocd-bill/1cdc8f57-57d1-4941-8de0-343401dffb59
Successful merge! ocd-bill/1d301c6c-598f-438f-9221-eab4fc89995b
Successful merge! ocd-bill/1d6b875d-d84a-4bb5-adb9-3519a170871a
Successful merge! ocd-bill/1dbcf006-3928-45f7-b971-8b74abaa21b5
Successful merge! ocd-bill/1e406ff2-f7b1-40e7-abe6-d70277e34838
Successful merge! ocd-bill/1eab63c6-5081-4af8-9b4c-2f165a484c98
Successful merge! ocd-bill/1ed473e0-6e4a-43a7-a1ad-1f5cdccb9926
Successful merge! ocd-bill/1f0ebe90-88aa-4424-b9d9-e232fe49cfbe
Successful merge! ocd-bill/1f95dc9a-f691-4b09-aa96-6657fbb42ebc
Successful merge! ocd-bill/1fad0876-3819-471f-99ef-03afc726827b
Successful merge! ocd-bill/2068ac6f-62f3-43a0-8dae-7c95b59b9a32
Successful merge! ocd-bill/20ab0da0-ef51-4470-9ce2-7365589108ef
Successful merge! ocd-bill/2126679c-8d16-4909-9961-2c00291e0fe2
Successful merge! ocd-bill/2212cacc-29c4-4667-a0fc-31fdb24580b8
Successful merge! ocd-bill/22cfc7c1-d44c-4b4f-a3dc-32a12ade7491
Successful merge! ocd-bill/233ec049-60be-41d2-aaaf-c34d6fd60c02
Successful merge! ocd-bill/23e481ee-261d-413b-85f5-31fb6890d08e
Successful merge! ocd-bill/246bbbe1-872d-48f9-9ce5-a20e22c3acc2
Successful merge! ocd-bill/24bfe8b9-75e8-48b5-b47e-752a523df164
Successful merge! ocd-bill/24e2c817-cd97-4c6e-9236-fe18af0f541b
Successful merge! ocd-bill/25ab56aa-d80a-4783-848a-906c3dab74d6
Successful merge! ocd-bill/269b0bef-12fb-49de-a7eb-2aea4e5451d7
Successful merge! ocd-bill/276f1e06-20ef-4fc7-8fbb-6beb7f1940a0
Successful merge! ocd-bill/279e994a-5003-4b0a-a062-72eb2e3cffda
Successful merge! ocd-bill/27de54cf-e423-4878-be04-f08f8bad31c0
Successful merge! ocd-bill/29016e35-9af1-412d-bc06-3467aca1cb4f
Successful merge! ocd-bill/29783277-4e48-4d08-8aaa-adbc6a6ba60d
Successful merge! ocd-bill/2b29cd73-5d8f-48c6-b51e-933b2143caf9
Successful merge! ocd-bill/2b66ee8c-c037-45be-9254-f24d0b5076c9
Successful merge! ocd-bill/2c527e5e-b93a-4c5b-9f98-136b44951a55
Successful merge! ocd-bill/2ca6997c-97b9-4c1a-992e-4705b390a37c
Successful merge! ocd-bill/2cf45232-2861-4928-9914-236617ff365d
Successful merge! ocd-bill/2d0db40f-b038-45d8-82b4-55bc1518c0c1
Successful merge! ocd-bill/2d3898a2-6949-4fa2-a69e-bb7d9238b9aa
Successful merge! ocd-bill/2d498592-2a51-4dcb-8609-afa791dd128e
Successful merge! ocd-bill/2d9b7812-790f-468a-b580-500ed0b2b87b
Successful merge! ocd-bill/2e110641-6d36-4a65-96cd-444c7222bc9c
Successful merge! ocd-bill/2e509708-d1e7-456e-a74b-a055a927d5c7
Successful merge! ocd-bill/2e57c1cc-6193-4433-bccf-0f0477ecce30
Successful merge! ocd-bill/2ec233fb-5537-472f-aed1-be7847890b12
Successful merge! ocd-bill/2edb3cf2-d28f-4eb6-8589-bc4afc2f07a0
Successful merge! ocd-bill/2f5f9915-0fc4-4a39-8ee9-43bba50eeae4
Successful merge! ocd-bill/306bbd17-c124-4d40-9fe3-34eadb2e665e
Successful merge! ocd-bill/32043086-5ac2-4aeb-a740-3f82a8d634b2
Successful merge! ocd-bill/323c31bd-7256-45cc-9864-1ba2c08a8847
Successful merge! ocd-bill/3240b509-a7db-45b1-b1d2-8fe0f9fbf73d
Successful merge! ocd-bill/330642f7-3ce9-400c-a13e-7fe9453f960c
Successful merge! ocd-bill/3337fdcb-7408-456a-9f4d-c408d530252e
Successful merge! ocd-bill/3352d312-e0eb-4368-b9ca-b5f1f71a4383
Successful merge! ocd-bill/33937463-2e8e-4457-b090-1ec28d94ef3b
Successful merge! ocd-bill/33df3b35-1c51-4f00-9dd2-27510ab01fcd
Successful merge! ocd-bill/3433b6e6-6778-4ece-a4a0-7165a0c1d95b
Successful merge! ocd-bill/3488daab-e308-4bf4-832d-99ed9e6e32f6
Successful merge! ocd-bill/34fe283e-2c1d-4091-8461-e5f38d15972c
Successful merge! ocd-bill/35052ad0-00b1-49ee-9274-6284176c49a4
Successful merge! ocd-bill/35501d35-a3f3-4d78-8fdb-f44f9ed5912e
Successful merge! ocd-bill/3576d3c3-2611-46ae-a3b6-ca991af7a160
Successful merge! ocd-bill/365f1256-fe12-4324-9373-12d0af8fa821
Successful merge! ocd-bill/36917bb0-915d-413c-9bc4-f6673b1872ed
Successful merge! ocd-bill/36e9277e-0902-4897-9982-54c99bd2a2cb
Successful merge! ocd-bill/37853489-3f3d-4f52-abbc-2c11e09e1d8d
Successful merge! ocd-bill/380bb5fe-7372-4a20-b4ba-a85293f03349
Successful merge! ocd-bill/38180ae8-23a9-4a8e-b8c5-1870ef327dfb
Successful merge! ocd-bill/3828013c-9d31-4df4-ab63-3ef99fbdbb31
Successful merge! ocd-bill/38616fd6-3030-4c0a-b9e0-2cb4f9da9614
Successful merge! ocd-bill/38a4c7c3-4bc6-4637-92fd-fa6f8c178353
Successful merge! ocd-bill/395344a7-8364-4314-8cd3-1c1e79aed760


http://metro.legistar1.com/metro/attachments/9907970e-09e2-4619-b269-c933288fbae6.docx caused the following error: 
ERROR: Timeout
[33;1mTrying again....[0m
Successful merge! ocd-bill/396aea2d-f540-4f54-a0a2-dcd37a37fbbe
Successful merge! ocd-bill/396bc3e6-e6fe-406a-8059-f17e3e2bd005
Successful merge! ocd-bill/3b1ca3ef-fb2e-4191-9b98-59587bd3ed5b
Successful merge! ocd-bill/3bc5fff4-9de0-4532-bbe7-c2ff1c92da01
Successful merge! ocd-bill/3c4548de-9ed0-4e34-8745-f00f0e59a507
Successful merge! ocd-bill/3c763a66-5684-432b-b2e5-e9c34e7985c1
Successful merge! ocd-bill/3c7a3a92-a50c-4ca7-ba8d-29ccc6d75bb4
Successful merge! ocd-bill/3e2d53ec-9198-48c1-8b98-5742548bb808
Successful merge! ocd-bill/3ec5657a-3db0-4d49-acc8-6740ae151f2b
Successful merge! ocd-bill/3f006ec6-5f7f-497d-8f64-ae686c31fe93
Successful merge! ocd-bill/3f11412d-4eed-4da7-89a9-7aa7db42e169
Successful merge! ocd-bill/3f1dd9ce-0bc0-463f-8cbc-9560e0d0200b
Successful merge! ocd-bill/3f362b9b-ba4f-48b7-816b-b69d955cb061
Successful merge! ocd-bill/3f424b37-1ac1-4c4a-9e6f-b9bf26896548
Successful merge! ocd-bill/3f5c282d-0b96-483b-81d7-fb548c314bd8
Successful merge! ocd-bill/3f6904e9-9d72-45ee-a3da-019e386f385f
Successful merge! ocd-bill/3f69513c-ad2f-4b18-bde9-b1f0b3900689
Successful merge! ocd-bill/3f986108-c537-47ce-9afd-49b82a8b0797
Successful merge! ocd-bill/40ba17b3-9f7c-4906-84d5-1e9b8ae35851
Successful merge! ocd-bill/4129ca92-03f5-4d19-843d-47ba13f07a64
Successful merge! ocd-bill/41611fce-abfd-4a21-98e0-e240671d1991
Successful merge! ocd-bill/41d24116-1b28-402c-8e78-49c7db6e838a
Successful merge! ocd-bill/4263b033-56b9-4505-a1a6-22af45899ddf
Successful merge! ocd-bill/4415e29a-0d6e-4dcb-acb6-e9f4413c75c1
Successful merge! ocd-bill/44635ae4-5096-45da-af8b-8af3454d4226
Successful merge! ocd-bill/44c86796-14c8-470c-9218-fb686027f60c
Successful merge! ocd-bill/4566cd55-1494-48d2-96cd-3dafb040e819
Successful merge! ocd-bill/45bd377c-f52e-44fb-b29a-42ed647c9a3a
Successful merge! ocd-bill/45e2cbc4-8c6b-480e-97a7-3cc59aff0abc
Successful merge! ocd-bill/46d1fa31-ede3-4c45-b753-b23dd144332e
Successful merge! ocd-bill/471c66b5-ca29-4ece-8d34-8efdaf036541
Successful merge! ocd-bill/47313a9f-d258-41e5-a2a0-1bdaa5d732b4
Successful merge! ocd-bill/47d3b711-b558-4349-95d3-82cc230a2dd2
Successful merge! ocd-bill/47f3ff1c-667b-4cba-b61f-9d54b6581352
Successful merge! ocd-bill/4877fe59-cc76-49cd-aa25-8c1a2b60a113
Successful merge! ocd-bill/49af97e3-f1d7-466c-b037-405b65fb7af3
Successful merge! ocd-bill/49c7327b-15b7-4654-9b11-cbace32dc9be
Successful merge! ocd-bill/49f5dc1e-9d38-4df0-97b3-986c7d877f2f
Successful merge! ocd-bill/4a1cb422-b2ce-4cd9-b38a-fdb95bfb66ca
Successful merge! ocd-bill/4ac98458-6336-4ec1-8791-9e4d3b8755ad
Successful merge! ocd-bill/4b4bc7b0-bc0c-47d5-a57c-43cd63094726
Successful merge! ocd-bill/4b6114d3-4724-42c1-89fd-fa546677695b
Successful merge! ocd-bill/4bc62060-1429-4de6-ac52-43935b730234
Successful merge! ocd-bill/4be6ba39-15ca-43f7-b1b5-56c269a9d8fa
Successful merge! ocd-bill/4c0b5c5e-f4d1-4e5f-9835-12695bb33df6
Successful merge! ocd-bill/4c103931-937b-43ab-84a8-ebbcb18545c6
Successful merge! ocd-bill/4c42b7da-6de6-437e-a63d-911640a99599
Successful merge! ocd-bill/4c56a7dc-ad5d-49f0-bfce-6b70aeed3156
Successful merge! ocd-bill/4cae040b-4291-4eb4-8270-6e7538d2ca3a
Successful merge! ocd-bill/4d6fc6ff-edf2-4b6d-a056-d52ede129929


http://metro.legistar1.com/metro/attachments/c45c30b9-1965-48ac-807c-ec93751aadff.pdf caused the following error: 
HTTP Error 404: Not Found
[33;1mTrying again....[0m


http://metro.legistar1.com/metro/attachments/c45c30b9-1965-48ac-807c-ec93751aadff.pdf caused the following error: 
HTTP Error 404: Not Found
[33;1mTrying again....[0m
Successful merge! ocd-bill/4d911b86-24e9-4ece-8a41-4ac3a87e7541
Successful merge! ocd-bill/4e34e655-d247-4d9d-8452-48056ebc4869
Successful merge! ocd-bill/4e82c203-a8e9-46b5-a1fd-90de01092c75
Successful merge! ocd-bill/4ebeab9e-4de5-4322-9a8b-46def0e0d94c
Successful merge! ocd-bill/4ed4bc67-747e-4cd9-8eb5-5c6f99a482e3
Successful merge! ocd-bill/4ef30a42-53c9-40b8-89f9-da525acb170d
Successful merge! ocd-bill/4f1e033b-d6e5-4d41-911d-e7278a1b395d
Successful merge! ocd-bill/4f7d96c6-4e3a-4744-aaf8-43c824930d66
Successful merge! ocd-bill/4fb4e634-3706-4c2f-a486-9fd6a2e520db
Successful merge! ocd-bill/500e2b18-0aad-4515-a79b-9f0dd937ecf1
Successful merge! ocd-bill/50632d19-c3dc-4686-bf01-f774051cd69e
Successful merge! ocd-bill/50a41b90-2494-49d3-8489-5865aeccd7ca
Successful merge! ocd-bill/51171da3-6bbc-4dd9-867f-8bad325bf599
Successful merge! ocd-bill/512759d4-ca12-4679-a330-916236b0a139
Successful merge! ocd-bill/51a10723-1671-4ad6-a88c-fb1fbacca1e4
Successful merge! ocd-bill/51d84e10-599f-44a0-ba9a-9c7283818813
Successful merge! ocd-bill/51e295c5-5860-4bc0-b0a3-69bbcf8f7cde
Successful merge! ocd-bill/522b9470-f7b6-44eb-8323-a1b516779d6f
Successful merge! ocd-bill/52aeab36-04b8-40fe-a547-3e823d29cca6
Successful merge! ocd-bill/534ae04c-a83f-4214-9b7f-79d9751abe75
Successful merge! ocd-bill/53dc5a29-6fe9-47c9-ba5a-7df88976efc9
Successful merge! ocd-bill/53f760bb-c365-447b-90b1-b4a1433f0afb
Successful merge! ocd-bill/553bd1cb-b82d-4a41-86ac-4f31c613bcba
Successful merge! ocd-bill/554c384f-accd-42de-90cf-228789e78411
Successful merge! ocd-bill/557c120f-1902-4097-9bc3-50269069410c
Successful merge! ocd-bill/55b33ab2-ae10-4910-929c-73c68ec41be8
Successful merge! ocd-bill/56e7c34d-2c52-4df8-9fca-47071f3bde6c
Successful merge! ocd-bill/576b31b7-64bb-4cf6-89ce-3d2e77ca50e5
Successful merge! ocd-bill/57fbe200-b4e7-42aa-9fe7-e2f0c4321ce8
Successful merge! ocd-bill/58f6a784-46a1-41dd-99f1-4fbaf7c2dd52
Successful merge! ocd-bill/590e2035-efc1-462b-a419-bc8103fe9bef
<class 'Exception'> caused the failure of writing ocd-bill/5990d403-bdce-474c-8516-6934d496baf9 as a PDF
We could not merge this file collection: ['https://metro.legistar.com/ViewReport.ashx?M=R&N=TextL5&GID=557&ID=2282&GUID=LATEST&Title=Board+Report', 'http://metro.legistar1.com/metro/attachments/2f5f54a2-dd89-43bb-8ad6-a864d7355846.docx', 'http://metro.legistar1.com/metro/attachments/f9c51c49-ea49-4940-95b7-1af45eea3c20.pdf', 'http://metro.legistar1.com/metro/attachments/950893c4-525e-41b3-ac47-19cc00a1a4d4.pdf', 'http://metro.legistar1.com/metro/attachments/83e3da56-9c95-4ebb-b090-b4f266a92c08.docx']
Successful merge! ocd-bill/5a60ff2e-c32f-4f78-b622-6dd851d60354
Successful merge! ocd-bill/5a82c7f6-2bc3-4d10-83b1-64c39606e3bb
Successful merge! ocd-bill/5ad4d19e-37e9-4ebc-9454-bf5625f23bdb
Successful merge! ocd-bill/5bd8a9b3-0e4b-4b6c-9220-0d2ce4e38c1e
Successful merge! ocd-bill/5c1901dd-a7e4-4f04-9393-f14b0862b793


http://metro.legistar1.com/metro/attachments/3154f21f-09a0-4aec-8adf-c5cdc617d805.ppt caused the following error: 
[Errno 2] No such file or directory: '3154f21f-09a0-4aec-8adf-c5cdc617d805.pdf'
[33;1mTrying again....[0m
Successful merge! ocd-bill/5c5bc888-45ca-41fc-a74f-8c26f1b2f02c
Successful merge! ocd-bill/5c91b925-683e-4ef6-acf0-d934b8b5a388
Successful merge! ocd-bill/5c97fa0f-ddc5-497d-b3a5-0fc78f83f318


http://metro.legistar1.com/metro/attachments/6b8b86fb-17e6-45cf-b5f4-8f04af3b539e.ppt caused the following error: 
ERROR: Timeout
[33;1mTrying again....[0m
Successful merge! ocd-bill/5cb660f4-233f-4efb-b5c3-89d14d44fd70
Successful merge! ocd-bill/5d7899ae-e99c-4305-9fb1-28848b23046b
Successful merge! ocd-bill/5dabcda2-17b4-4902-ad48-d6d0345719b1
Successful merge! ocd-bill/5e523e58-7ac0-4aa8-806e-2a29e08dc8be
Successful merge! ocd-bill/5e99b48b-285e-428c-bbcf-da07a0e1bcd1
Successful merge! ocd-bill/5ed40278-0ffc-4244-9517-835da6eba471
Successful merge! ocd-bill/5ee67369-28da-462d-b77d-d0b556d7e85a
Successful merge! ocd-bill/5f996348-fe3d-4e28-a29f-c8230838e54f
Successful merge! ocd-bill/5fbc051b-efa9-47f3-9d08-bb3ac932a780
Successful merge! ocd-bill/605c46ea-6051-4d9d-92ab-f90fd796f53e
Successful merge! ocd-bill/6072d789-32d0-4960-a356-390929d95de2
Successful merge! ocd-bill/609bdfb5-d407-45f9-8912-2385da75a804
Successful merge! ocd-bill/60d83c42-2f34-4647-8a91-8f8a7581baa1
Successful merge! ocd-bill/6131debd-44eb-457b-a5f2-7737ff3817a6
Successful merge! ocd-bill/613beded-983e-4b1f-933d-cfd3571c5b12
Successful merge! ocd-bill/614b817a-9dfb-4406-b99e-0bc8ca9c1c17
Successful merge! ocd-bill/61c3633b-2d49-4557-bfb2-dcc275da8242
Successful merge! ocd-bill/627234e8-84c4-4ae0-aa19-6e19639602d6
Successful merge! ocd-bill/63e09639-8ae7-4574-b961-1eef7bebfb23
Successful merge! ocd-bill/64214e55-de2e-4e6e-8dd7-8082b28f0b6a
Successful merge! ocd-bill/645a66d0-596c-497c-989a-776e9c0f9c37
Successful merge! ocd-bill/64677909-75cd-4471-b1ea-48880a236609
Successful merge! ocd-bill/64b74347-99f5-4e8b-8f68-7979614ce6cd
Successful merge! ocd-bill/651d3953-e787-4bf3-a4fc-f4bcdef02064
Successful merge! ocd-bill/65309aa0-33b1-4ac6-a239-a1dd410b3f3c
Successful merge! ocd-bill/65370fed-c013-41ca-9ac1-915d2b6bab20
Successful merge! ocd-bill/655be0d6-bf36-4443-90b9-14a86ab3c52f
Successful merge! ocd-bill/65616ae2-dd84-4887-b062-40190427170a
Successful merge! ocd-bill/66c4299f-722e-4ce4-9664-234cff9e2038
Successful merge! ocd-bill/66fcc020-39b7-4d47-a2a2-98f6562f13d2
Successful merge! ocd-bill/675914e9-3129-455a-9240-4972c0585e07
Successful merge! ocd-bill/67dfebad-25cc-46ac-bc9d-d2cae24b0e4d
Successful merge! ocd-bill/6835d0c6-887e-4171-b972-8195d91fa418
Successful merge! ocd-bill/689855d4-9e0b-4fce-a521-c19ddc5e177b
Successful merge! ocd-bill/68c5406e-d886-4f41-b5ee-ad44d45bff7b
Successful merge! ocd-bill/68f5201b-6e2b-400b-96db-72b2a03d3071


http://metro.legistar1.com/metro/attachments/6f21962b-7353-4941-b1d3-1d84f7eb71b2.ppt caused the following error: 
[Errno 2] No such file or directory: '6f21962b-7353-4941-b1d3-1d84f7eb71b2.pdf'
[33;1mTrying again....[0m
Successful merge! ocd-bill/698d4a52-457c-4b72-a25e-9efdbf1093a7


http://metro.legistar1.com/metro/attachments/a8320c33-a57d-444a-a093-17c48d9ee98e.docx caused the following error: 
ERROR: Timeout
[33;1mTrying again....[0m
Successful merge! ocd-bill/69942efb-69be-4e1c-8c8d-1a8ea76ab7bd
Successful merge! ocd-bill/69d8492f-969b-4074-b2eb-e9562df86851
Successful merge! ocd-bill/6a11c65a-d122-4800-8a0b-b0c80d44a834
Successful merge! ocd-bill/6a18b629-1895-453f-b015-1abcb32737d2
Successful merge! ocd-bill/6a3a61d3-3e5e-40d0-b2ad-32fe8c10413d
Successful merge! ocd-bill/6a518f4e-4c46-4e3c-97a8-de4d974db851
Successful merge! ocd-bill/6a83caaa-ca81-4659-9a4b-af05b8f2dce7
Successful merge! ocd-bill/6aa2af27-d71d-4ce3-9cac-8844d2453312
Successful merge! ocd-bill/6b38f4b9-1947-44b7-9d05-23328c37a4b4
Successful merge! ocd-bill/6b3b9f0c-d3a2-4377-a1e0-d095cc640f54
Successful merge! ocd-bill/6d6f95c5-6814-4b56-8c87-0ab0de23fe76
Successful merge! ocd-bill/6d6faeb9-0517-49d0-a8a3-e4d7fb774677
Successful merge! ocd-bill/6d748fc3-b745-4dd6-a1e8-36890fe1a38c
Successful merge! ocd-bill/6dae3997-5bc1-4111-8123-48fe3d6ade68
Successful merge! ocd-bill/6e0d28f7-f643-436d-a931-476576be5418
Successful merge! ocd-bill/6e0e0ab4-000b-482c-8428-df613264432f
Successful merge! ocd-bill/6e6b3eef-ead5-4232-82dd-0a545f025e94
Successful merge! ocd-bill/6e6daceb-4ffc-409e-b6bb-883821208a04
Successful merge! ocd-bill/6e8a5561-6650-4771-9c98-fd7db8306af1
Successful merge! ocd-bill/6ea40af8-d376-4b27-a506-e2edc8cc3e6a
Successful merge! ocd-bill/6ea86cbd-4e70-471e-a2b2-740ae3b21c20
Successful merge! ocd-bill/6ec6ac40-f471-4b87-bab7-dabc6a4d6d63
Successful merge! ocd-bill/6f86ff73-bd32-4b3e-bd0c-9f1aa57cec64
Successful merge! ocd-bill/6fdfa8c9-4306-41a3-98df-b0f525f2a702
Successful merge! ocd-bill/7004b13a-a851-45f0-a1ab-5c599dd64e80
Successful merge! ocd-bill/715320c5-482f-44f8-b25c-c8e0cb0faca7
Successful merge! ocd-bill/71b5cf2a-52df-4637-934c-131a77593e39
Successful merge! ocd-bill/71dd7b62-a0fc-4518-912f-ec8a345b91bd
Successful merge! ocd-bill/72126108-ffd0-4070-a970-040efed2d856
Successful merge! ocd-bill/7219691a-aa04-4bc5-a7a6-544ed3550a07
Successful merge! ocd-bill/7235044a-3973-413a-931b-449f40a5d127
Successful merge! ocd-bill/7252431b-0075-4498-afe2-2154c8a792c5
Successful merge! ocd-bill/728e03d3-4ccd-40a5-ada6-3162197c7de1
Successful merge! ocd-bill/739037b3-60e8-4aeb-ac9c-342f693a80c1
Successful merge! ocd-bill/7391d2c2-4369-4d02-8d67-e53d937abf4a
Successful merge! ocd-bill/74436999-d0b0-444d-a5cf-d1e9ed3b0664
Successful merge! ocd-bill/74a04706-6231-4d49-a678-5ba18513e5b0
Successful merge! ocd-bill/750a2734-8101-4f25-b293-b394484c3472
Successful merge! ocd-bill/7547223a-9b01-4e3f-b962-fd6439031549
Successful merge! ocd-bill/77c769ac-1434-491e-a4ae-03beaf17dcdc
Successful merge! ocd-bill/77f1d967-e204-44cb-a8b1-8d418587e9fa
Successful merge! ocd-bill/78595a04-a6b6-4723-ae0e-3764efb2c47c
Successful merge! ocd-bill/78621cf1-3a90-4fe8-8dcb-db63bf26f537
Successful merge! ocd-bill/78d3f5ab-cccc-4027-ae22-d06eb94a92f2
Successful merge! ocd-bill/7924c9bf-8958-4093-89bd-afa9146d1ff1
Successful merge! ocd-bill/795dae56-54c5-4cbd-ae74-50e1b081b325
Successful merge! ocd-bill/7a2d9a63-8442-42fd-9c17-f7985a57addf
Successful merge! ocd-bill/7a676ac8-5ee8-4327-b961-86bd18286891
Successful merge! ocd-bill/7a73f858-d4bb-4acd-9a55-b948e3083c2d
Successful merge! ocd-bill/7aa6247d-3541-47db-b7d5-cc84459f7dc0
Successful merge! ocd-bill/7ae66b80-1a57-451e-ad68-d81ad31e93e6
Successful merge! ocd-bill/7b642ad6-22f3-4526-b2d0-a071b2592d54
Successful merge! ocd-bill/7bcab7b9-0b9e-42b6-a84a-66b70c1d3b60
Successful merge! ocd-bill/7cca74b2-822a-4a55-a776-1444534f55a6
Successful merge! ocd-bill/7cf931d9-2716-46c0-9402-df8d72570348
Successful merge! ocd-bill/7d3762a1-fdc4-4e23-8cd5-c299053cb83b


http://metro.legistar1.com/metro/attachments/490ffa46-f758-401d-9adc-2ac30d09eba4.ppt caused the following error: 
[Errno 2] No such file or directory: '490ffa46-f758-401d-9adc-2ac30d09eba4.pdf'
[33;1mTrying again....[0m


http://metro.legistar1.com/metro/attachments/490ffa46-f758-401d-9adc-2ac30d09eba4.ppt caused the following error: 
ERROR: Timeout
[33;1mTrying again....[0m
Successful merge! ocd-bill/7d616941-87ab-49c6-be55-32436b70d69f
Successful merge! ocd-bill/7e544766-9681-4246-b2e7-5d09bf988067
Successful merge! ocd-bill/7ec1e77f-359a-4e6a-93f4-414538bd17fe
Successful merge! ocd-bill/7f2ad45a-869c-4943-88da-ccf75e76613f
Successful merge! ocd-bill/7fc1cc61-7560-44cd-b29e-7d823ec2a8d0
Successful merge! ocd-bill/80220feb-cc9b-44a6-b68d-ba6792c27e3f
Successful merge! ocd-bill/802452e7-3254-4a22-9553-a3cbf0e445bb
Successful merge! ocd-bill/803dae29-56ec-4b56-839f-424d94eadffd
Successful merge! ocd-bill/804ef817-3f50-4d0e-b033-7174c05577be
Successful merge! ocd-bill/805b0abf-898e-4623-940b-cc47e205e3fa
Successful merge! ocd-bill/80f76f7f-9461-49d6-ae2c-2334d048bfc6
Successful merge! ocd-bill/81583a7e-6919-4378-8d43-f144b658508c
Successful merge! ocd-bill/81982f42-7ad0-45f8-aa63-35bb6ae82e39
Successful merge! ocd-bill/81a527cb-c614-430c-a134-756669ceda49
Successful merge! ocd-bill/8207de35-c541-41c5-ace9-7eb864efb6a6
Successful merge! ocd-bill/822219b8-3f2e-4ab0-a597-01b7420ad73b
Successful merge! ocd-bill/82701ef7-b260-4bf9-956f-eac4a69ee910
Successful merge! ocd-bill/82cf74a9-7022-4492-ae9d-a8f7c8b01a5f
Successful merge! ocd-bill/82f9ecda-f05a-4405-a32f-cf351d58f3ee
Successful merge! ocd-bill/8339b18c-2c17-405e-9d7a-709ba76cec25
Successful merge! ocd-bill/835a34bf-c312-4d15-b0b3-36b9e22b9fa6
Successful merge! ocd-bill/8382c6d6-d793-466b-9242-1dcda45fedee
Successful merge! ocd-bill/8443da63-96b6-4231-a2d7-28b3fb612b7e
Successful merge! ocd-bill/849fafe7-d42f-4f37-8b48-e84b5d8fb786
Successful merge! ocd-bill/8539a887-829e-4917-ae34-49bf9c0c5385
Successful merge! ocd-bill/8540223c-2f63-4e61-b9b7-623c58427627
Successful merge! ocd-bill/860a92a1-6dfc-407f-922c-51c4af855005
Successful merge! ocd-bill/87354c16-f65b-432f-b6aa-66bad942439a
Successful merge! ocd-bill/8754cc76-e704-43e3-8487-d561859800b2
Successful merge! ocd-bill/878df29f-8a63-4fa3-ba56-3dbddc576fb2
Successful merge! ocd-bill/88130295-ea3e-4290-ae80-78a2ae556be4
Successful merge! ocd-bill/896d5905-5811-46a0-ae11-0e08fa7beb8c
Successful merge! ocd-bill/8983e582-f41c-43c8-8f18-800671d998c9
Successful merge! ocd-bill/8aa39973-af13-43ac-b6b0-1b9338c03ee9
Successful merge! ocd-bill/8ab4fa10-c897-4d36-8a4e-506184614c0a
Successful merge! ocd-bill/8aecce8f-c259-43c7-a27f-5857eeca1469
Successful merge! ocd-bill/8b59308d-4d24-4685-95e0-7419b3f934e2
Successful merge! ocd-bill/8bd6dfe3-3fda-4746-bf70-9d5a1dbc070f
Successful merge! ocd-bill/8c8a1266-6583-49bc-b231-695b1e14b737
Successful merge! ocd-bill/8cd6da79-4268-45d6-8e87-93e0424e35c5
Successful merge! ocd-bill/8cd87f4b-a53b-49ec-a794-d563f2430b01
Successful merge! ocd-bill/8d45b639-7b09-4528-9d5d-0fad2aa03263
Successful merge! ocd-bill/8db5bbd1-2e89-4ce8-b264-ab33d81ace4b
Successful merge! ocd-bill/8dc9aa41-c967-4d62-8d13-7c2400aca8f2
Successful merge! ocd-bill/8e5b1e4a-c56e-41c5-82c0-e22a2a200348
Successful merge! ocd-bill/8eb1f99e-115e-4114-a6ef-223d8a62163e
Successful merge! ocd-bill/8ec428d2-fd62-4b02-bbb2-41b2a942ec6c
Successful merge! ocd-bill/8f1fa2c3-1b0f-45ba-902e-9ffbdc7f8710
Successful merge! ocd-bill/8f3500db-a982-4046-9003-6f5831714aae
Successful merge! ocd-bill/8f6297b4-4b70-4b01-a9f5-77c8bf880ce7
Successful merge! ocd-bill/8f7978a2-d0bf-41bc-9833-206f81cf2967
Successful merge! ocd-bill/8ff9523a-7519-4913-a8af-be40a78dabe8
Successful merge! ocd-bill/90910ac6-7488-4dd7-8d5d-44e1a4121b68


http://metro.legistar1.com/metro/attachments/f574572d-70c9-41a1-b737-c1ed28c5a33d.pptx caused the following error: 
[Errno 2] No such file or directory: 'f574572d-70c9-41a1-b737-c1ed28c5a33d.pdf'
[33;1mTrying again....[0m
Successful merge! ocd-bill/909a089e-3212-4598-b036-6380318b1ed4
Successful merge! ocd-bill/90db63f3-ff23-4bb9-8eaf-df0c5619152c
Successful merge! ocd-bill/90e278a6-2d58-4dad-b2e7-ed95bb15fdc7
Successful merge! ocd-bill/912208d9-6c92-474e-8edd-ff77d6bf9d49
Successful merge! ocd-bill/912a8c38-291b-44cc-a9aa-68bc89e03e4a
Successful merge! ocd-bill/9143c362-b7bf-472b-80ea-11efdc227395
Successful merge! ocd-bill/91cc2b31-055e-4568-a146-7353531064f9
Successful merge! ocd-bill/9244e9c1-4ffe-40fd-9e3b-878377ec7a0c
Successful merge! ocd-bill/925154e5-cb81-4b18-905a-bb16406b3317
Successful merge! ocd-bill/935a8ef4-1ad3-49a7-b381-4104a0ed2a0b
Successful merge! ocd-bill/93cbb38e-618d-427b-96ad-188144c0f3b3
Successful merge! ocd-bill/93efe2a6-2253-4278-b302-c821f85680e2
Successful merge! ocd-bill/9432ac47-fc95-48e9-913b-bb55afccea01
Successful merge! ocd-bill/9454c7aa-5634-4593-8b66-433dac516ceb
Successful merge! ocd-bill/949d4d8c-8374-4082-9a0d-a9eae375edd7
Successful merge! ocd-bill/9741b138-6ec9-40f4-8caf-c34f54f27acf
Successful merge! ocd-bill/97472cb0-e8a6-4320-a39d-37d59da5f1a2
Successful merge! ocd-bill/9770fdf3-67e7-4f63-b287-7d6b6e6a9ae5
Successful merge! ocd-bill/97d81cb4-e069-42a2-87be-26b4c44f784a
Successful merge! ocd-bill/99956770-fd95-4619-8459-f327ad87e679
Successful merge! ocd-bill/999ea2a5-d0c0-43d0-a97f-5bd21f7f1317
Successful merge! ocd-bill/9a242d97-676e-413e-bc49-c79919e3ef0b
Successful merge! ocd-bill/9a3ace0e-6351-47fa-bfb7-a8d404a417c9
Successful merge! ocd-bill/9abd5e71-b89e-446c-b829-22442de60015
Successful merge! ocd-bill/9b1548f8-748e-4c9a-b879-fd0f1f5b6a22
Successful merge! ocd-bill/9b2f2d11-6e4f-4889-9903-311ac951658a
Successful merge! ocd-bill/9ba91837-5012-4314-9e71-18e436d94a10
Successful merge! ocd-bill/9bb3189f-86d7-4b5c-8c66-dc52b8011bf0
Successful merge! ocd-bill/9bed496e-e42a-4454-9585-d4ba206f1c62
Successful merge! ocd-bill/9bf717e6-a3fd-4050-b782-3f73472c1b64
Successful merge! ocd-bill/9c03969b-91bd-47f1-b71d-599d38df6604
Successful merge! ocd-bill/9d3e0d6e-99c3-48ed-ae9b-35310a0bc3af
Successful merge! ocd-bill/9e5645a9-0d83-4ce1-8e26-c2bff3254f8f
Successful merge! ocd-bill/9e65a39b-57b5-4b66-b2e7-c8fa30e3c9bb
Successful merge! ocd-bill/9f226095-429d-43a0-98df-a071faa05f1b
Successful merge! ocd-bill/9f2a7910-0eb7-4f86-84ae-29e4ce9a06c4
Successful merge! ocd-bill/9f55f3e8-22fc-4217-a062-0dda18356b78
Successful merge! ocd-bill/9f84f9a8-f75e-4a6b-a80c-b3518380303a
Successful merge! ocd-bill/9fc66392-fdc4-4096-afd8-0ca5471929eb
Successful merge! ocd-bill/a0254392-f132-44ff-8853-3d283b6adcdc
Successful merge! ocd-bill/a0724c85-c4a4-4f9f-8af7-2359630b5010
Successful merge! ocd-bill/a0d7b4b2-d951-4ef7-a325-6840ab22ceb9
Successful merge! ocd-bill/a10f660b-ab42-4937-86bc-4ab2c44225b1
Successful merge! ocd-bill/a1d526ca-2f2f-49ed-94ee-85f9aac933d4
Successful merge! ocd-bill/a205a118-dabf-4478-bf8c-6019b85e189e
Successful merge! ocd-bill/a28a984e-1d67-4871-8557-e1bb1393d23f
Successful merge! ocd-bill/a312420b-70f3-4cfb-a073-09d6027ba24a


http://metro.legistar1.com/metro/attachments/0de855ed-fe2d-4efb-a603-fefa62cb9e33.docx caused the following error: 
ERROR: Timeout
[33;1mTrying again....[0m
Successful merge! ocd-bill/a334d862-5539-4c98-af88-4d255077b0c3
Successful merge! ocd-bill/a37400e0-12c3-435c-a6d8-7019a17d4605
Successful merge! ocd-bill/a3b93656-c443-4394-ac21-fc19ba561bbf
Successful merge! ocd-bill/a3e4d14a-577a-4a9a-b3ab-9adb164efc26
Successful merge! ocd-bill/a3f05e41-727f-4fa1-a05b-ad26164cf679
Successful merge! ocd-bill/a40aeb29-763c-44f8-b77c-8b100a89cf03
Successful merge! ocd-bill/a414054a-0f7f-437f-9213-fc6f01d2a458
Successful merge! ocd-bill/a48cfdd0-9ea2-4c5a-9583-a4de5f2e824c
Successful merge! ocd-bill/a4c4dd63-20b3-4b21-8177-5443f18d18e5
Successful merge! ocd-bill/a523a2cc-143d-468d-9a1b-dcf3ad8fe98b
Successful merge! ocd-bill/a58beed1-a5de-4fd2-aac4-10cf0dfcabf9
Successful merge! ocd-bill/a61fe675-9014-4314-b5c5-4fac7fab422a
Successful merge! ocd-bill/a6f47c66-ddda-461d-891c-15953abc6ecd


http://metro.legistar1.com/metro/attachments/2b150504-6734-4fcb-af86-180669927b27.pdf caused the following error: 
not enough values to unpack (expected 3, got 2)
[33;1mTrying again....[0m


http://metro.legistar1.com/metro/attachments/2b150504-6734-4fcb-af86-180669927b27.pdf caused the following error: 
not enough values to unpack (expected 3, got 2)
[33;1mTrying again....[0m
Successful merge! ocd-bill/a73ea71b-2971-4eef-bd2d-672f613b09b5
Successful merge! ocd-bill/a78ea27a-02bc-4460-8392-5e524be14558
Successful merge! ocd-bill/a7a4defb-e2ef-4cb4-a23f-10384f160f96
Successful merge! ocd-bill/a7a92a26-482f-411c-a047-90c1792041f2
Successful merge! ocd-bill/a7f8aed1-c917-40f9-a0f7-e3e1b5abe48a
Successful merge! ocd-bill/a8294039-0d42-4b98-86c7-a378bc8b2a6f
Successful merge! ocd-bill/a849b1fc-a1d2-435b-b541-8afc43a6ab32
Successful merge! ocd-bill/a8543142-8cf4-4f8a-b497-e36c6dc50dd7
Successful merge! ocd-bill/a8d152f8-2e8d-4905-89f6-c883457162ca
Successful merge! ocd-bill/a8d4d03d-faff-4938-b2be-72dc38959c8e
Successful merge! ocd-bill/a8df75ca-c5ea-4367-8dc6-e1afa3beddc0
Successful merge! ocd-bill/a8fa8275-ea8f-490a-8f39-ad22535642b8
Successful merge! ocd-bill/a9087cd4-b03e-4331-9f42-24965a819411
Successful merge! ocd-bill/a9e2297a-7521-4acd-ae34-64799ecd9e65
Successful merge! ocd-bill/aa1a0ebc-f28d-4754-bf7d-5b9b93f2fb27
Successful merge! ocd-bill/aaa51408-0096-41ea-ba0f-e50add37b5b7
Successful merge! ocd-bill/ab99540a-f401-403d-bec6-3c4763cf9f53
Successful merge! ocd-bill/abfb25e0-1a3f-448b-bc4a-25a8960bc347
Successful merge! ocd-bill/ac025c27-c24b-4caa-b909-1e1bde3c1e4a
Successful merge! ocd-bill/ac5e16d1-48d0-47c9-b90b-623c736649db
Successful merge! ocd-bill/adb6377b-81ab-4489-ab41-cc1620862290
Successful merge! ocd-bill/ae03ee45-f2c7-4660-bc6a-286b1754c609
Successful merge! ocd-bill/ae0cf7a7-e3cc-4a73-82b9-bc305390ef2f
Successful merge! ocd-bill/ae27308a-d024-4247-9ebd-833232d50bed
Successful merge! ocd-bill/ae9249cf-d4ec-493c-a256-c2cd08183daa
Successful merge! ocd-bill/af32e07e-c17f-4d58-8908-9e6402b773b8
Successful merge! ocd-bill/afa16cc8-edd9-46b6-b7a9-0f924167a8fa
Successful merge! ocd-bill/aff81136-3460-426a-9d12-89e10c5c9b8c
Successful merge! ocd-bill/b07ef50c-20f1-431a-9257-3dddd57e0a08
Successful merge! ocd-bill/b081b6ee-1c03-4536-b3fd-3aa610693351
Successful merge! ocd-bill/b0be10f0-c65c-4485-948a-d32d6db149e9
Successful merge! ocd-bill/b15def07-b328-4b07-a338-96852dea4886
Successful merge! ocd-bill/b16d8e2a-f9d5-4445-9a9d-5613ec55de2e
Successful merge! ocd-bill/b174229a-4715-4554-891d-33a20b06cd7b
Successful merge! ocd-bill/b22202bb-6b15-4ede-b6bb-f10c9adf9398
Successful merge! ocd-bill/b23cbfb5-6b21-4c30-8f45-0857729b3144
Successful merge! ocd-bill/b2e39cb8-dff4-4111-b46e-0adb58c0665e
Successful merge! ocd-bill/b354b9e7-375f-41a1-b681-543bf6649798
Successful merge! ocd-bill/b35f81f7-47b0-455b-b11f-cb607246e5ff
Successful merge! ocd-bill/b4491826-5799-406a-9630-9f0863324b1c
Successful merge! ocd-bill/b5a51005-fae2-451f-8d89-e8693e8ae086
Successful merge! ocd-bill/b6cf2243-078d-41ad-8a95-16f0c756e395
Successful merge! ocd-bill/b6d4770d-b48d-459e-be95-b8d420a55da6
Successful merge! ocd-bill/b74d9ab9-04d7-4ea7-b8ee-49c488967744
Successful merge! ocd-bill/b838a030-f4cf-407e-bbe4-a566a062dcd5
Successful merge! ocd-bill/b9a44cd2-a7b0-4bec-bd78-5b06cc5ab132
Successful merge! ocd-bill/b9b4ca1d-bd83-4cb1-9bda-1609006b06f8
Successful merge! ocd-bill/b9c56d4a-8a6e-4836-b865-47e04c43b254
Successful merge! ocd-bill/b9fd43dd-171b-48e2-8dce-9983967e2598
Successful merge! ocd-bill/ba2b1c86-5b76-46a4-85de-628ebccd81b0
Successful merge! ocd-bill/ba81d08f-ccf5-46d5-b483-3daaa8304f62
Successful merge! ocd-bill/bacb44b7-37f7-4bec-a2ee-961e804d7bfb
Successful merge! ocd-bill/bc207f26-fb21-43cb-b3ec-486bd2b37ec6
Successful merge! ocd-bill/bc40d70f-7829-4384-a382-f84dd180651b
Successful merge! ocd-bill/bdf0ae95-f75c-463b-ad37-49ad339c728c
Successful merge! ocd-bill/bf2f07df-c7f9-4392-ae64-ce362c2f7992
Successful merge! ocd-bill/bf33f593-e3c0-4589-855f-5e8a08c2f7fd
Successful merge! ocd-bill/bf830330-00f0-4d26-8a7f-23d3898d0595
Successful merge! ocd-bill/bfeaf01d-aff3-47e6-aee7-b4213b7e253d
Successful merge! ocd-bill/c09ac693-7cbd-4bcb-a287-5f5b4be119f0
Successful merge! ocd-bill/c0aaeb2c-2788-4105-a340-74255480a1a7
Successful merge! ocd-bill/c15aba9f-879c-4475-9b29-04a1d43f2323
Successful merge! ocd-bill/c1aa8904-00ef-4d2f-ac66-eb9f3053ae56
Successful merge! ocd-bill/c1efeb69-fa21-4fa7-bf89-2fd52275099d
Successful merge! ocd-bill/c286702c-1154-415c-ab75-25f644730058
Successful merge! ocd-bill/c2a72a01-e2a4-4bea-ad65-f47aaf8ae9ec
Successful merge! ocd-bill/c2d7b370-1edd-4dca-a65f-64d11ebc821c
Successful merge! ocd-bill/c3050af6-18e7-4a7a-8943-25fffdb2eca1
Successful merge! ocd-bill/c4198ac3-2197-4a5e-b07f-bdeccf00297b
Successful merge! ocd-bill/c427d302-6cd2-4e6e-9160-140d568ec3fa
Successful merge! ocd-bill/c4e4cbb0-0b9d-4b9c-b838-364286c607d6
Successful merge! ocd-bill/c52bade7-a9f4-421e-a335-6a01bc6f47b5
Successful merge! ocd-bill/c577a13f-7074-46e3-835e-5c3671bc9692
Successful merge! ocd-bill/c5df390a-df81-4a54-aef2-f09a13f588e3
Successful merge! ocd-bill/c5e89487-398c-4389-9610-4deaea4b923b
Successful merge! ocd-bill/c62bf54e-3f51-4b37-a8ba-dd5426a74b85
Successful merge! ocd-bill/c6a35c53-da5e-4cd3-b746-7fea7202cd96
Successful merge! ocd-bill/c70f3929-f5bf-4ac7-96c4-46d4ac9c9180
Successful merge! ocd-bill/c76056bf-963c-4124-8888-3e8628ba4b1d
Successful merge! ocd-bill/c808114e-12e6-49bb-b56b-2bd27af2b090
Successful merge! ocd-bill/c84e3125-c1b4-4cd2-8336-8f0f9ffc5e66
Successful merge! ocd-bill/c86dce53-885d-4d8b-b5eb-071d3c81f916
Successful merge! ocd-bill/c945f493-a557-4075-9c86-a2b78260f7a4
Successful merge! ocd-bill/ca0d0fc9-3acc-4068-8f92-19462901119c
Successful merge! ocd-bill/ca0fa229-5e03-4d0c-b9c8-f7e8aacd0beb
Successful merge! ocd-bill/ca288294-17e5-4bc9-a59a-fce9e1f27e3d
Successful merge! ocd-bill/ca698236-2ee4-46b5-a1fd-362d5786f997
Successful merge! ocd-bill/ca874a3d-e707-4996-8d83-350fd432eeec
Successful merge! ocd-bill/cb0a2803-a805-4f2a-8a49-85bd932c3d21
Successful merge! ocd-bill/cce79c4b-c4a6-4482-9902-565a9ba38cc5
Successful merge! ocd-bill/cceaab30-2617-4399-98b7-5e1a97221399
Successful merge! ocd-bill/ccf818bb-5d57-4094-9012-e3fb454b207b
Successful merge! ocd-bill/cd6b7eef-a4fc-40bc-88bf-df45df3592f3
Successful merge! ocd-bill/cdfd14b4-2df6-45a8-818a-7dc44c599f3b
Successful merge! ocd-bill/ce331a97-513a-4b6b-be9f-7dd4c78effe3
Successful merge! ocd-bill/cea3918e-0e1d-4436-afaa-f1076ababdcf
Successful merge! ocd-bill/cec64542-d84a-46ed-9b29-a12fe5490599
Successful merge! ocd-bill/ceefd55f-e58f-4a16-90cb-4475419cea24
Successful merge! ocd-bill/cf778f41-38eb-48fb-9947-87def4a35e5c
Successful merge! ocd-bill/d07b4e48-05a5-4cda-9d6e-db6f0c6b389d
Successful merge! ocd-bill/d1540264-b1f5-45eb-996d-5462534e416c
Successful merge! ocd-bill/d1fb80ef-5d07-40c1-9696-808b55af6bed
Successful merge! ocd-bill/d290f68c-efce-4631-9dca-e3ad5a328c3b


http://metro.legistar1.com/metro/attachments/6ef8e7d6-8a5b-4294-8032-f1e214c97021.ppt caused the following error: 
[Errno 2] No such file or directory: '6ef8e7d6-8a5b-4294-8032-f1e214c97021.pdf'
[33;1mTrying again....[0m
Successful merge! ocd-bill/d2c963d2-37db-46d5-b7e0-94b5910e012f
Successful merge! ocd-bill/d2cf9952-25a9-4d4f-bd24-5c50870391e3
Successful merge! ocd-bill/d2f2ba67-eb14-4264-a00d-f689e1c14ef5
Successful merge! ocd-bill/d311ab54-5082-4768-9989-1f634d2e7513
Successful merge! ocd-bill/d3133a73-3083-413b-a5f9-de44eaac96a4
Successful merge! ocd-bill/d3994c5c-9bf5-4232-9534-d65dd24f5ee6
Successful merge! ocd-bill/d3aaba8b-9df2-4514-b9d0-d552d234d20b
Successful merge! ocd-bill/d4a51b8c-30cd-4877-bcf6-3db21159fea1
Successful merge! ocd-bill/d4f6c729-acac-4e1a-8724-bccd704cb980
Successful merge! ocd-bill/d511e3f6-6284-41ca-b0cb-738b6a353b77
Successful merge! ocd-bill/d5922e61-9cf5-42d8-98e3-46cd2a6b7cda
Successful merge! ocd-bill/d699fc53-e578-49f2-832a-c25303f31fa8
Successful merge! ocd-bill/d700a397-58e6-4093-8320-cdb679ccc4a8
Successful merge! ocd-bill/d77ba258-cec1-4531-bc08-deed101fd1e4
Successful merge! ocd-bill/d7ab6369-b91c-47a8-ab8f-fa452e6bcd86
Successful merge! ocd-bill/d842a0f3-6902-4c72-a0db-1e1e3d6ebf63
Successful merge! ocd-bill/d985a2bc-b3d6-4a44-a9f5-ba24de6a1e66
Successful merge! ocd-bill/dba55e16-49dc-4d15-95bd-d07edc238af2
Successful merge! ocd-bill/dc3f9a7b-9167-426b-83d2-55326aafc6ad
Successful merge! ocd-bill/dd1b3662-9496-4e91-892a-bf03467e7faa
Successful merge! ocd-bill/dd2304b1-6dc0-447f-8251-0ba745f6e197
Successful merge! ocd-bill/de1304e9-fe00-4d0b-b1bf-1fb44ae821d0
Successful merge! ocd-bill/de1ce093-90e3-4311-aeb8-87be44d03ccf
Successful merge! ocd-bill/de851c71-5031-43af-b461-8c1d72720d62
Successful merge! ocd-bill/de87e38c-f68c-46a5-a1d8-917539b6728d
Successful merge! ocd-bill/de94bd89-02e8-4c7d-bf99-b2d2580ddc1d
Successful merge! ocd-bill/df24d6f2-b6f6-40c0-ac00-511fc1391bbf
Successful merge! ocd-bill/df56163a-35d4-4a23-abab-aff71640f93a
Successful merge! ocd-bill/df8f30f3-3bc5-41ab-b9eb-77cf05af72bd
Successful merge! ocd-bill/dfa533aa-92b1-4636-8697-9f47a3b523e9


http://metro.legistar1.com/metro/attachments/e83773ce-acf5-402a-9afa-a6917270660e.docx caused the following error: 
ERROR: Timeout
[33;1mTrying again....[0m
Successful merge! ocd-bill/e040ae8a-3fee-41dc-a41e-de75e6cc5574
Successful merge! ocd-bill/e15f8992-75c6-45b8-9203-07d9cf24abcf
Successful merge! ocd-bill/e22e7cf6-2db6-4701-8c90-1c0570fde172
Successful merge! ocd-bill/e2814542-a6c7-4fbc-afe8-21f02ed17f9d
Successful merge! ocd-bill/e2f13b4e-c23d-4948-a7e3-0f3a1382f666
Successful merge! ocd-bill/e30a824b-1d2a-4c4b-8b08-7263ad87c5c7
Successful merge! ocd-bill/e367ea72-0fb9-407e-b0ca-ef3969f6d9fc
Successful merge! ocd-bill/e3e3ea2e-c6da-4a21-9cd6-b9038d10a2dc
Successful merge! ocd-bill/e3e5c28e-2792-48f4-8258-8e2eb7f4d058
Successful merge! ocd-bill/e3e69eb8-70a6-4841-a1f1-185f70315ce2
Successful merge! ocd-bill/e4b62dd3-bf0a-4077-a518-869d79730207
Successful merge! ocd-bill/e56ef6dd-2003-41ca-8c91-264e5a9cfcd8
Successful merge! ocd-bill/e5b0ab78-a9be-44b4-9353-a167a897c2fe
Successful merge! ocd-bill/e5bf2d09-f670-4a87-9d7c-0477856495c9
Successful merge! ocd-bill/e615f16f-63f5-4cde-8992-8d07edf32d04
Successful merge! ocd-bill/e64121e1-3ee6-4ee0-b834-64ad51ececfb
Successful merge! ocd-bill/e64168a2-9dd9-4ab5-a50e-8c5357146c47
Successful merge! ocd-bill/e733e6e6-df1a-45ef-8776-fec810004139
Successful merge! ocd-bill/e7638a32-7d63-4d08-8da3-6106a1b7cbef
Successful merge! ocd-bill/e7999a59-bc50-4fa1-99cd-02e9bf9b6cc9
Successful merge! ocd-bill/e7ec12e7-df61-4c2a-846c-c8dd8bd62521
Successful merge! ocd-bill/e892633a-784c-4576-8808-b6dee014ae28
Successful merge! ocd-bill/e8deda0c-2410-4934-8ba0-b43aa4afa68e
Successful merge! ocd-bill/e8e7b028-b3f6-4c33-b1bf-5afee8cee862
Successful merge! ocd-bill/e9a2377c-3722-4b4b-ac51-ac0dd130cfac
Successful merge! ocd-bill/e9cead30-5c74-42bc-b087-fa3ee74b380e
Successful merge! ocd-bill/e9f5104b-2c75-45c0-a789-881fb428ce22
Successful merge! ocd-bill/ea224cc1-24a5-40c7-a0ea-58293807504d
Successful merge! ocd-bill/ea2beb98-86c3-4601-9974-6acd2b1ec24e
Successful merge! ocd-bill/eab53a0f-b5a5-477f-961c-fd994b671043
Successful merge! ocd-bill/eb73934b-195c-43d8-af31-879ebc96f7e0
Successful merge! ocd-bill/eb87e257-0e82-4f47-8060-fcbef8dc9552
Successful merge! ocd-bill/ebe0a43c-0c33-4c23-b19e-6763606a84ed
Successful merge! ocd-bill/ec58c0a2-a84b-495b-8d2e-ee02870e9a4b
Successful merge! ocd-bill/ec59bcad-0e3e-4453-9f8c-9c7bef3d6c4a
Successful merge! ocd-bill/ec7d8902-6ebb-4da3-b5a1-10e9f8536e66
Successful merge! ocd-bill/ecc7a674-b4a1-45f6-8aff-1363bb06c2f3
Successful merge! ocd-bill/ed999324-ee5c-43d0-b542-026cc635e528
Successful merge! ocd-bill/ede81e99-3965-4a68-923a-8ae488b443fe
Successful merge! ocd-bill/edf9da1c-abd8-4e23-a289-ef44bd00e5e5
Successful merge! ocd-bill/ee1a1ab8-38e0-44d9-b3a5-198e9d85613a
Successful merge! ocd-bill/ee4f3c93-0be2-4809-bfd2-e43249505786
Successful merge! ocd-bill/ee8e7896-71f5-4855-8554-08e1fba2aeec
Successful merge! ocd-bill/ee99bac8-b16f-4c5a-9b40-16ab59786cf9
Successful merge! ocd-bill/eeb5660a-2b31-44ce-ba76-606b58fd51d3
Successful merge! ocd-bill/ef1ec39f-d065-4aae-9b38-0d4480408926
Successful merge! ocd-bill/ef1ecee7-3f1f-42ee-b17d-6388fb4b64c4
Successful merge! ocd-bill/ef29a364-2ddd-415e-a478-8dcf008a2a70
Successful merge! ocd-bill/ef48a559-5be8-4235-ae98-020643f82d95
Successful merge! ocd-bill/ef7bb45c-114e-45ae-a9f3-12481cdb3cbc
Successful merge! ocd-bill/ef83a2c3-9773-4fca-ad40-ff15ee91a8ce
Successful merge! ocd-bill/f0ad4406-a45c-4124-93a9-0c845f98e07f
Successful merge! ocd-bill/f18c18ef-ae9c-4152-9282-a70025ceec41
Successful merge! ocd-bill/f19988df-7267-4d84-9d24-217ea473f93b
Successful merge! ocd-bill/f1a09acd-a65f-4ed3-a871-c9d783382840
Successful merge! ocd-bill/f1b0db4c-de73-4d11-b1dd-5f3060e75705
Successful merge! ocd-bill/f1beafcd-395e-48f3-b62d-e3f6b017acfd
Successful merge! ocd-bill/f1cc41eb-b74f-45f8-a134-ea47319b6a1a
Successful merge! ocd-bill/f1dc12c6-f40a-4d68-9667-7e61545be4d7
Successful merge! ocd-bill/f2085b51-b7a6-4c39-8440-3a4f61eb78df
Successful merge! ocd-bill/f208aad6-3ecc-44b5-acd0-922ca28629a3
Successful merge! ocd-bill/f25773df-d9ac-4c15-8c05-d48d990ef38d
Successful merge! ocd-bill/f31cab9a-b509-4507-92b7-482e336f78b5
Successful merge! ocd-bill/f399b1fd-4c96-4cb3-b76b-6ed9278a3e22
Successful merge! ocd-bill/f3c7e211-114f-425a-87f3-219c98c2f893
Successful merge! ocd-bill/f44e4b8a-e3f2-470a-b984-dedbd8c48669
Successful merge! ocd-bill/f4fba428-c410-4b84-aaa9-3ddf5253df02
Successful merge! ocd-bill/f50df8a0-7593-4f59-936c-23b8a41944a7
Successful merge! ocd-bill/f5165828-1b51-4d2a-aee2-9ac16e4ad89e
Successful merge! ocd-bill/f56ee703-6fe3-44a1-abe7-84d3688ec6a3
Successful merge! ocd-bill/f5dc768f-243f-447c-ac67-c1e075585d04
Successful merge! ocd-bill/f5e22d3b-ac95-4be9-bf5d-9b9041802e61


http://metro.legistar1.com/metro/attachments/22b36d1b-97f3-45d2-960a-c0fb6826db96.pptx caused the following error: 
[Errno 2] No such file or directory: '22b36d1b-97f3-45d2-960a-c0fb6826db96.pdf'
[33;1mTrying again....[0m
Successful merge! ocd-bill/f6641ec5-6981-4446-8785-daf7304e2797
Successful merge! ocd-bill/f69f14fb-0d69-4bcf-b160-f3a06327e27e
Successful merge! ocd-bill/f795550d-698b-4c20-a333-2acaf6bc1465
Successful merge! ocd-bill/f7f4d9e3-12c1-4774-adfa-ed385b47e982
Successful merge! ocd-bill/f8ae7289-76bd-4705-b04e-428bf997b24c
Successful merge! ocd-bill/f8b364c5-3d94-4806-935a-99b1edccea94
Successful merge! ocd-bill/f8ffdc9e-39d5-43f1-a612-b3179952bf8f
Successful merge! ocd-bill/f90cd3cc-3a4c-4a82-9602-e0f75b32644a
Successful merge! ocd-bill/f941651b-dbe7-4a7a-84af-95e82b49bba9
Successful merge! ocd-bill/f9cc7ece-f633-48d8-a764-2b43cdea1077
Successful merge! ocd-bill/f9ecf7af-1cd5-45ca-80bd-8c0b43ab9a1f
Successful merge! ocd-bill/fa02457f-defc-4d48-9b9d-e66c5d682fb3
Successful merge! ocd-bill/fa05edf5-0a47-46d1-bceb-3082436464ec
Successful merge! ocd-bill/fa5422b3-607f-4c85-9b43-8a6429609b72
Successful merge! ocd-bill/fbc89951-953a-47ce-9922-3015e2c0e330
Successful merge! ocd-bill/fc3545cd-3d45-482b-93e7-ce34cb378e09
Successful merge! ocd-bill/fc4e2b0c-eaaa-431b-93bb-dc177a0817bc
Successful merge! ocd-bill/fcfc936c-bd61-4538-b5a1-34d947abf4ca
Successful merge! ocd-bill/fe183e12-4f74-4c62-b10b-57e92ea28e39
Successful merge! ocd-bill/fef6ae59-b127-4dfe-a69d-c6888b814f9d
[31mFinding all documents for event agendas.[0m
[31m............[0m
[31mMerging PDFs.[0m
Successful merge! ocd-event/0437dc52-b891-4707-8945-5b6af3d080e5


http://metro.legistar1.com/metro/attachments/9929cb96-9eb6-4a51-89db-17085315b3ac.docx caused the following error: 
ERROR: Timeout
[33;1mTrying again....[0m
Successful merge! ocd-event/045189a6-d066-4cfb-aa18-87eac07b536f
Successful merge! ocd-event/04b4a2fb-e4ed-4e97-a380-99f3fdb3dd78
Successful merge! ocd-event/04f34975-8fbe-4e70-b70d-3831001909c9


http://metro.legistar1.com/metro/attachments/f574572d-70c9-41a1-b737-c1ed28c5a33d.pptx caused the following error: 
[Errno 2] No such file or directory: 'f574572d-70c9-41a1-b737-c1ed28c5a33d.pdf'
[33;1mTrying again....[0m
Successful merge! ocd-event/06ebd5dd-0c23-40f2-95cf-432c1ac1d7ec


http://metro.legistar1.com/metro/attachments/a979b626-cbbb-44f1-bef8-b6afb0fad7ab.docx caused the following error: 
ERROR: Timeout
[33;1mTrying again....[0m
Successful merge! ocd-event/07356f7e-1fe1-40b2-bb79-21560243e6e4
Successful merge! ocd-event/085b8d6c-5f89-439c-bc85-e5a87aefc66d
Successful merge! ocd-event/0907f39f-4d8e-4361-b30d-66200f1b17a4
Successful merge! ocd-event/0aa83331-84be-445e-97fd-9b5ecc7071ed
Successful merge! ocd-event/0b0fdf95-10d9-403f-9c54-ea5aab81c363


http://metro.legistar1.com/metro/attachments/c45c30b9-1965-48ac-807c-ec93751aadff.pdf caused the following error: 
HTTP Error 404: Not Found
[33;1mTrying again....[0m


http://metro.legistar1.com/metro/attachments/c45c30b9-1965-48ac-807c-ec93751aadff.pdf caused the following error: 
HTTP Error 404: Not Found
[33;1mTrying again....[0m
Successful merge! ocd-event/0c314765-d778-4e29-9100-f6d0faffaccf


http://metro.legistar1.com/metro/attachments/12f9d718-bb79-43db-9143-c6e1033ca470.ppt caused the following error: 
[Errno 2] No such file or directory: '12f9d718-bb79-43db-9143-c6e1033ca470.pdf'
[33;1mTrying again....[0m
Successful merge! ocd-event/0d64845b-8879-4222-9a58-4c00ea94c349


http://metro.legistar1.com/metro/attachments/b0be4c28-6810-472f-bc72-caa907bc428f.docx caused the following error: 
ERROR: Timeout
[33;1mTrying again....[0m
[31mFinding all documents for event agendas.[0m
[31m............[0m
[31mMerging PDFs.[0m


Unexpected error: <class 'KeyboardInterrupt'>


Unexpected error: <class 'KeyboardInterrupt'>


Unexpected error: <class 'KeyboardInterrupt'>
Phew! It worked on the second try.


Successful merge! ocd-event/0437dc52-b891-4707-8945-5b6af3d080e5
Successful merge! ocd-event/045189a6-d066-4cfb-aa18-87eac07b536f
Successful merge! ocd-event/0e9eb577-1ab9-443b-a806-cad8bd062dce
Successful merge! ocd-event/0f1cad63-5cfb-4320-915b-c00786f9a19f
Successful merge! ocd-event/0f1cce98-abfe-4027-90f9-7db65c96ccb3
Successful merge! ocd-event/19a428b6-2b54-4e4b-83bc-0613d392d9c4
Successful merge! ocd-event/19a5e9f7-3b15-4189-bcab-2592f0b9fc2a
Successful merge! ocd-event/1baefb31-7799-4e76-8b16-7206dec18439
Successful merge! ocd-event/1c4d0ae3-cace-49be-b6e2-c678c895ecec
[31mFinding all documents for board reports.[0m
[31m............[0m
[31mMerging PDFs.[0m
Successful merge! ocd-bill/009c908a-bd7a-49fc-84d2-d30e7b632c22
Successful merge! ocd-bill/00b7a562-a943-4fd3-a949-e53e93921f39
Successful merge! ocd-bill/00ea719f-7e55-49ba-9090-48f1bb9ce318
Successful merge! ocd-bill/0167cc52-199e-4071-9a31-df4061219347
Successful merge! ocd-bill/01822057-6614-4166-8818-3ea499a6c76a
Successful merge! ocd-event/1da83c77-1386-4fe3-8ced-9523e5f95ac6
Successful merge! ocd-event/2062dc0c-9b7a-4654-8a33-e0674e79cd95
[31mFinding all documents for board reports.[0m
[31m............[0m


http://metro.legistar1.com/metro/attachments/edf4e6f2-0b1e-4404-a2a5-5c6d76ab0957.doc caused the following error: 
ERROR: Timeout
[33;1mTrying again....[0m
Successful merge! ocd-event/21c7c2b1-12bf-4cf0-b5c4-9fc5370c8fb2
Successful merge! ocd-event/23294471-e844-4191-9a3f-5cd5e22bad9e
Successful merge! ocd-event/234f6e38-8471-4c54-8529-a8e5282a9ad8
Successful merge! ocd-event/23ffed29-77e2-445e-98f8-12b7a7de9684
Successful merge! ocd-event/24b453de-664f-4d0d-9288-ee47f3fc94dc
Successful merge! ocd-event/266a7c85-7122-4633-a574-eff398086668
Successful merge! ocd-event/26c3cd31-5d1d-49ed-a86d-571c068d0277
Successful merge! ocd-event/296fb9ab-97bc-4fa5-8f5f-1d80b4c54a98
Successful merge! ocd-event/2a6d08f8-74b4-46d8-934c-5dfd851e1734
Successful merge! ocd-event/2bcd004c-3299-4ae7-a740-70f7b94c7617
Successful merge! ocd-event/2c9d6594-3457-4ee3-9a8a-846a6b4d6f9a
Successful merge! ocd-event/3229dccb-139b-46a5-96cc-80afaa7d9e15
Successful merge! ocd-event/3428b4f1-5cca-4fed-9f62-8719ab129f61
Successful merge! ocd-event/34e9abbb-0736-457d-b8be-eee4498eea8a
Successful merge! ocd-event/385f1c0a-aa0a-4206-8ff2-3f03dd981fee
Successful merge! ocd-event/3a298943-539f-4341-b016-195575f679c7
Successful merge! ocd-event/3b5c6273-6de7-4ccc-af5d-7853fce6f188
Successful merge! ocd-event/3f5dea8a-4414-43dd-88fe-707827b19b41
[31mFinding all documents for board reports.[0m
[31m............[0m
Successful merge! ocd-event/416ad17b-9fe3-4c61-aaa9-921a90e56a4b
[31mFinding all documents for board reports.[0m
[31m............[0m


http://metro.legistar1.com/metro/attachments/4956231a-b589-44fd-bb54-e779447fcf21.ppt caused the following error: 
[Errno 2] No such file or directory: '4956231a-b589-44fd-bb54-e779447fcf21.pdf'
[33;1mTrying again....[0m
[31mFinding all documents for board reports.[0m
[31m............[0m
[31mMerging PDFs.[0m
Successful merge! ocd-bill/009c908a-bd7a-49fc-84d2-d30e7b632c22
Successful merge! ocd-bill/00b7a562-a943-4fd3-a949-e53e93921f39
Successful merge! ocd-bill/00ea719f-7e55-49ba-9090-48f1bb9ce318
Successful merge! ocd-bill/0167cc52-199e-4071-9a31-df4061219347
Successful merge! ocd-bill/01822057-6614-4166-8818-3ea499a6c76a
Successful merge! ocd-bill/01d3c0fe-b1b3-43e2-9af9-7d7d33b44bf3
Successful merge! ocd-bill/01f077bf-4dd1-45bd-92e1-96fd81dc4dbc
